<?xml version="1.0" encoding="UTF-8"?>
<!-- Generated by org.testng.reporters.JUnitReportReporter -->
<testsuite skipped="0" hostname="MININT-8IR53KS" name="Maven.RestAssured.GetAPITest" tests="1" failures="0" timestamp="23 Aug 2019 14:57:32 GMT" time="3.832" errors="0">
  <testcase name="GetWeatherDetails" time="3.832" classname="Maven.RestAssured.GetAPITest"/>
</testsuite> <!-- Maven.RestAssured.GetAPITest -->
