<?xml version="1.0" encoding="UTF-8"?>
<!-- Generated by org.testng.reporters.JUnitReportReporter -->
<testsuite skipped="0" hostname="MININT-8IR53KS" name="com.automation.tests.ResponseAwareMatcher" tests="1" failures="0" timestamp="20 Mar 2021 19:12:31 GMT" time="0.062" errors="0">
  <testcase name="responseAwareMatcherTest" time="0.062" classname="com.automation.tests.ResponseAwareMatcher"/>
</testsuite> <!-- com.automation.tests.ResponseAwareMatcher -->
