<?xml version="1.0" encoding="UTF-8"?>
<!-- Generated by org.testng.reporters.JUnitReportReporter -->
<testsuite skipped="0" hostname="MININT-8IR53KS" name="com.automation.tests.SpecifyingRequestPort" tests="3" failures="0" timestamp="20 Mar 2021 19:12:31 GMT" time="0.081" errors="0">
  <testcase name="specifyPort" time="0.023" classname="com.automation.tests.SpecifyingRequestPort"/>
  <testcase name="validateResponseTime" time="0.035" classname="com.automation.tests.SpecifyingRequestPort"/>
  <testcase name="getRequestUsingMockService" time="0.023" classname="com.automation.tests.SpecifyingRequestPort"/>
</testsuite> <!-- com.automation.tests.SpecifyingRequestPort -->
