<?xml version="1.0" encoding="UTF-8"?>
<!-- Generated by org.testng.reporters.JUnitReportReporter -->
<testsuite skipped="0" hostname="MININT-8IR53KS" name="com.automation.tests.GetRequestWithBasicAuth" tests="1" failures="0" timestamp="20 Mar 2021 19:12:31 GMT" time="0.182" errors="0">
  <testcase name="secureGetRequestUsingChallengedBasicAuth" time="0.182" classname="com.automation.tests.GetRequestWithBasicAuth"/>
</testsuite> <!-- com.automation.tests.GetRequestWithBasicAuth -->
