<?xml version="1.0" encoding="UTF-8"?>
<!-- Generated by org.testng.reporters.JUnitReportReporter -->
<testsuite skipped="0" hostname="MININT-8IR53KS" name="com.automation.tests.GetJobDetails" tests="7" failures="0" timestamp="20 Mar 2021 19:12:31 GMT" time="3.729" errors="0">
  <testcase name="getRequestToValidateStatusLine" time="0.050" classname="com.automation.tests.GetJobDetails"/>
  <testcase name="getRequestToValidateXmlResponseBody" time="0.381" classname="com.automation.tests.GetJobDetails"/>
  <testcase name="getRequestToValidateStatusCode" time="0.037" classname="com.automation.tests.GetJobDetails"/>
  <testcase name="getRequestToValidateJsonResponseBody" time="3.094" classname="com.automation.tests.GetJobDetails"/>
  <testcase name="getRequestToValidateResponseBodyUsingJsonPath" time="0.103" classname="com.automation.tests.GetJobDetails"/>
  <testcase name="getRequestToValidateXmlResponseHeader" time="0.032" classname="com.automation.tests.GetJobDetails"/>
  <testcase name="getRequestToValidateJsonResponseHeader" time="0.032" classname="com.automation.tests.GetJobDetails"/>
</testsuite> <!-- com.automation.tests.GetJobDetails -->
