<?xml version="1.0" encoding="UTF-8"?>
<!-- Generated by org.testng.reporters.JUnitReportReporter -->
<testsuite skipped="0" hostname="MININT-8IR53KS" name="testCasesPackage.GetAPITest01" tests="1" failures="0" timestamp="2020-12-24T23:20:47 IST" time="1.874" errors="0">
  <testcase name="GetWeatherDetailsForChennai" time="1.874" classname="testCasesPackage.GetAPITest01"/>
  <system-out/>
</testsuite> <!-- testCasesPackage.GetAPITest01 -->
