<?xml version="1.0" encoding="UTF-8"?>
<!-- Generated by org.testng.reporters.JUnitReportReporter -->
<testsuite skipped="0" hostname="MININT-8IR53KS" name="testCase.APITests" tests="1" failures="0" timestamp="2021-01-01T13:58:26 IST" time="4.050" errors="0">
  <testcase name="getNumberOfCircuits" time="4.050" classname="testCase.APITests"/>
  <system-out/>
</testsuite> <!-- testCase.APITests -->
