<?xml version="1.0" encoding="UTF-8"?>
<!-- Generated by org.testng.reporters.JUnitReportReporter -->
<testsuite skipped="1" hostname="MININT-8IR53KS" name="testCasesPackage.DataDrivenTestDemo" tests="6" failures="0" timestamp="2020-12-24T22:05:44 IST" time="2.283" errors="0">
  <testcase name="deleteRequest" time="0.563" classname="testCasesPackage.DataDrivenTestDemo"/>
  <system-out/>
  <testcase name="deleteRequest" time="1.590" classname="testCasesPackage.DataDrivenTestDemo"/>
  <system-out/>
  <testcase name="deleteRequest" time="0.031" classname="testCasesPackage.DataDrivenTestDemo"/>
  <system-out/>
  <testcase name="deleteRequest" time="0.068" classname="testCasesPackage.DataDrivenTestDemo"/>
  <system-out/>
  <testcase name="deleteRequest" time="0.031" classname="testCasesPackage.DataDrivenTestDemo"/>
  <system-out/>
  <testcase name="postRequest" classname="testCasesPackage.DataDrivenTestDemo">
    <skipped/>
  </testcase> <!-- postRequest -->
  <system-out/>
</testsuite> <!-- testCasesPackage.DataDrivenTestDemo -->
