<?xml version="1.0" encoding="UTF-8"?>
<!-- Generated by org.testng.reporters.JUnitReportReporter -->
<testsuite skipped="0" hostname="MININT-8IR53KS" name="com.automation.tests.PostJobDetails" tests="1" failures="0" timestamp="13 Mar 2021 17:50:30 GMT" time="0.164" errors="0">
  <testcase name="testPostRequestUsingJsonBody" time="0.164" classname="com.automation.tests.PostJobDetails"/>
</testsuite> <!-- com.automation.tests.PostJobDetails -->
