<?xml version="1.0" encoding="UTF-8"?>
<!-- Generated by org.testng.reporters.JUnitReportReporter -->
<testsuite skipped="3" hostname="MININT-8IR53KS" name="testCasesPackage.CustomApiTestDemo" tests="5" failures="0" timestamp="2020-12-24T00:22:15 IST" time="1.742" errors="0">
  <testcase name="deleteRequest" time="1.594" classname="testCasesPackage.CustomApiTestDemo"/>
  <system-out/>
  <testcase name="getTest" time="0.148" classname="testCasesPackage.CustomApiTestDemo"/>
  <system-out/>
  <testcase name="patchRequest" classname="testCasesPackage.CustomApiTestDemo">
    <skipped/>
  </testcase> <!-- patchRequest -->
  <system-out/>
  <testcase name="putRequest" classname="testCasesPackage.CustomApiTestDemo">
    <skipped/>
  </testcase> <!-- putRequest -->
  <system-out/>
  <testcase name="postRequest" classname="testCasesPackage.CustomApiTestDemo">
    <skipped/>
  </testcase> <!-- postRequest -->
  <system-out/>
</testsuite> <!-- testCasesPackage.CustomApiTestDemo -->
