<?xml version="1.0" encoding="UTF-8"?>
<!-- Generated by org.testng.reporters.JUnitReportReporter -->
<testsuite skipped="0" hostname="MININT-8IR53KS" name="com.automation.tests.GetRequestWithDigestAuth" tests="1" failures="0" timestamp="20 Mar 2021 19:12:31 GMT" time="0.836" errors="0">
  <testcase name="getRequestUsingDigestAuth" time="0.836" classname="com.automation.tests.GetRequestWithDigestAuth"/>
</testsuite> <!-- com.automation.tests.GetRequestWithDigestAuth -->
