<?xml version="1.0" encoding="UTF-8"?>
<!-- Generated by org.testng.reporters.JUnitReportReporter -->
<testsuite skipped="0" hostname="MININT-8IR53KS" name="testCasesPackage.GetApiTestDemo" tests="1" failures="0" timestamp="2020-12-24T23:20:47 IST" time="0.609" errors="0">
  <testcase name="getNumberOfCircuits" time="0.609" classname="testCasesPackage.GetApiTestDemo"/>
  <system-out/>
</testsuite> <!-- testCasesPackage.GetApiTestDemo -->
