<?xml version="1.0" encoding="UTF-8"?>
<!-- Generated by org.testng.reporters.JUnitReportReporter -->
<testsuite skipped="0" hostname="MININT-8IR53KS" name="testCasesPackage.PostRequestDataDrivenExcelTest" tests="3" failures="0" timestamp="2020-12-25T00:14:22 IST" time="2.144" errors="0">
  <testcase name="postRequest" time="0.046" classname="testCasesPackage.PostRequestDataDrivenExcelTest"/>
  <system-out/>
  <testcase name="postRequest" time="0.066" classname="testCasesPackage.PostRequestDataDrivenExcelTest"/>
  <system-out/>
  <testcase name="postRequest" time="2.032" classname="testCasesPackage.PostRequestDataDrivenExcelTest"/>
  <system-out/>
</testsuite> <!-- testCasesPackage.PostRequestDataDrivenExcelTest -->
