<?xml version="1.0" encoding="UTF-8"?>
<!-- Generated by org.testng.reporters.JUnitReportReporter -->
<testsuite skipped="0" hostname="MININT-8IR53KS" name="com.automation.tests.XmlNamespaceValidation" tests="1" failures="0" timestamp="20 Mar 2021 19:12:31 GMT" time="0.080" errors="0">
  <testcase name="validateXmlNamespace" time="0.080" classname="com.automation.tests.XmlNamespaceValidation"/>
</testsuite> <!-- com.automation.tests.XmlNamespaceValidation -->
