<?xml version="1.0" encoding="UTF-8"?>
<!-- Generated by org.testng.reporters.JUnitReportReporter -->
<testsuite skipped="0" hostname="MININT-8IR53KS" name="com.automation.tests.HeadRequest" tests="1" failures="0" timestamp="20 Mar 2021 19:12:31 GMT" time="0.032" errors="0">
  <testcase name="headRequestToValidateStatusCode" time="0.032" classname="com.automation.tests.HeadRequest"/>
</testsuite> <!-- com.automation.tests.HeadRequest -->
