<?xml version="1.0" encoding="UTF-8"?>
<!-- Generated by org.testng.reporters.JUnitReportReporter -->
<testsuite skipped="0" hostname="MININT-8IR53KS" name="com.automation.tests.APITests" tests="1" failures="0" timestamp="07 Mar 2021 19:42:15 GMT" time="3.526" errors="0">
  <testcase name="getNumberOfCircuits" time="3.526" classname="com.automation.tests.APITests"/>
</testsuite> <!-- com.automation.tests.APITests -->
